[20-Oct-2022 04:51:21 UTC] PHP Parse error:  syntax error, unexpected '<' in /Applications/MAMP/htdocs/igo_club/header.php on line 6
[20-Oct-2022 04:54:32 UTC] PHP Parse error:  syntax error, unexpected '<' in /Applications/MAMP/htdocs/igo_club/header.php on line 6
[20-Oct-2022 04:54:33 UTC] PHP Parse error:  syntax error, unexpected '<' in /Applications/MAMP/htdocs/igo_club/header.php on line 6
[20-Oct-2022 04:54:50 UTC] PHP Parse error:  syntax error, unexpected '<' in /Applications/MAMP/htdocs/igo_club/header.php on line 6
[20-Oct-2022 04:56:27 UTC] PHP Parse error:  syntax error, unexpected '<' in /Applications/MAMP/htdocs/igo_club/header.php on line 6
[20-Oct-2022 04:56:30 UTC] PHP Parse error:  syntax error, unexpected '<' in /Applications/MAMP/htdocs/igo_club/header.php on line 6
[20-Oct-2022 04:57:57 UTC] PHP Parse error:  syntax error, unexpected '<' in /Applications/MAMP/htdocs/igo_club/header.php on line 6
[20-Oct-2022 04:57:58 UTC] PHP Parse error:  syntax error, unexpected '<' in /Applications/MAMP/htdocs/igo_club/header.php on line 6
[20-Oct-2022 05:07:31 UTC] PHP Parse error:  syntax error, unexpected '<' in /Applications/MAMP/htdocs/igo_club/header.php on line 6
[20-Oct-2022 05:07:32 UTC] PHP Parse error:  syntax error, unexpected '<' in /Applications/MAMP/htdocs/igo_club/header.php on line 6
[20-Oct-2022 05:10:15 UTC] PHP Parse error:  syntax error, unexpected '<' in /Applications/MAMP/htdocs/igo_club/header.php on line 6
[20-Oct-2022 05:10:24 UTC] PHP Parse error:  syntax error, unexpected '<' in /Applications/MAMP/htdocs/igo_club/header.php on line 6
[20-Oct-2022 05:13:38 UTC] PHP Parse error:  syntax error, unexpected '<' in /Applications/MAMP/htdocs/igo_club/header.php on line 6
[20-Oct-2022 05:14:12 UTC] PHP Parse error:  syntax error, unexpected '<' in /Applications/MAMP/htdocs/igo_club/header.php on line 6
[20-Oct-2022 05:14:14 UTC] PHP Parse error:  syntax error, unexpected '<' in /Applications/MAMP/htdocs/igo_club/header.php on line 6
[20-Oct-2022 05:15:01 UTC] PHP Parse error:  syntax error, unexpected '<' in /Applications/MAMP/htdocs/igo_club/header.php on line 6
[20-Oct-2022 05:16:15 UTC] PHP Parse error:  syntax error, unexpected '<' in /Applications/MAMP/htdocs/igo_club/header.php on line 6
[20-Oct-2022 05:21:05 UTC] PHP Parse error:  syntax error, unexpected '<' in /Applications/MAMP/htdocs/igo_club/header.php on line 6
[20-Oct-2022 05:21:05 UTC] PHP Parse error:  syntax error, unexpected '<' in /Applications/MAMP/htdocs/igo_club/header.php on line 6
[20-Oct-2022 05:21:16 UTC] PHP Parse error:  syntax error, unexpected '<' in /Applications/MAMP/htdocs/igo_club/header.php on line 6
[20-Oct-2022 05:23:24 UTC] PHP Parse error:  syntax error, unexpected '<' in /Applications/MAMP/htdocs/igo_club/header.php on line 6
[20-Oct-2022 05:23:51 UTC] PHP Parse error:  syntax error, unexpected '<' in /Applications/MAMP/htdocs/igo_club/header.php on line 6
[20-Oct-2022 05:23:53 UTC] PHP Parse error:  syntax error, unexpected '<' in /Applications/MAMP/htdocs/igo_club/header.php on line 6
[20-Oct-2022 05:25:11 UTC] PHP Parse error:  syntax error, unexpected '<' in /Applications/MAMP/htdocs/igo_club/header.php on line 6
[20-Oct-2022 05:25:14 UTC] PHP Parse error:  syntax error, unexpected '<' in /Applications/MAMP/htdocs/igo_club/header.php on line 6
[20-Oct-2022 05:26:29 UTC] PHP Parse error:  syntax error, unexpected '<' in /Applications/MAMP/htdocs/igo_club/header.php on line 6
[20-Oct-2022 05:26:31 UTC] PHP Parse error:  syntax error, unexpected '<' in /Applications/MAMP/htdocs/igo_club/header.php on line 6
[20-Oct-2022 05:26:32 UTC] PHP Parse error:  syntax error, unexpected '<' in /Applications/MAMP/htdocs/igo_club/header.php on line 6
[20-Oct-2022 05:26:44 UTC] PHP Parse error:  syntax error, unexpected '<' in /Applications/MAMP/htdocs/igo_club/header.php on line 6
[20-Oct-2022 05:26:44 UTC] PHP Parse error:  syntax error, unexpected '<' in /Applications/MAMP/htdocs/igo_club/header.php on line 6
[20-Oct-2022 05:26:46 UTC] PHP Parse error:  syntax error, unexpected '<' in /Applications/MAMP/htdocs/igo_club/header.php on line 6
[20-Oct-2022 05:26:50 UTC] PHP Parse error:  syntax error, unexpected '<' in /Applications/MAMP/htdocs/igo_club/header.php on line 6
[20-Oct-2022 05:27:09 UTC] PHP Parse error:  syntax error, unexpected '<' in /Applications/MAMP/htdocs/igo_club/header.php on line 6
[20-Oct-2022 05:28:10 UTC] PHP Parse error:  syntax error, unexpected '<' in /Applications/MAMP/htdocs/igo_club/header.php on line 6
[20-Oct-2022 05:28:12 UTC] PHP Parse error:  syntax error, unexpected '<' in /Applications/MAMP/htdocs/igo_club/header.php on line 6
[20-Oct-2022 21:50:31 UTC] PHP Fatal error:  Uncaught Error: Call to undefined function arr() in /Applications/MAMP/htdocs/igo_club/function.php:30
Stack trace:
#0 /Applications/MAMP/htdocs/igo_club/signUp.php(5): require()
#1 {main}
  thrown in /Applications/MAMP/htdocs/igo_club/function.php on line 30
[21-Oct-2022 03:50:57 UTC] PHP Notice:  Undefined index: email in /Applications/MAMP/htdocs/igo_club/signUp.php on line 81
